<?xml version="1.0" encoding="UTF-8"?>
<!-- Generated by org.testng.reporters.JUnitReportReporter -->
<testsuite hostname="Saritas-MacBook-Pro.local" name="com.appium.maas.tests.mail.ComposeMail" tests="1" failures="0" timestamp="27 Oct 2017 19:26:40 GMT" time="75.576" errors="0">
  <testcase name="verifySendMail" time="75.576" classname="com.appium.maas.tests.mail.ComposeMail"/>
</testsuite> <!-- com.appium.maas.tests.mail.ComposeMail -->
